<?xml version="1.0" encoding="UTF-8"?>
<!-- Generated by org.testng.reporters.JUnitXMLReporter -->
<testsuite hostname="Home_Laptop" ignored="0" name="Amazon Functionality" tests="3" failures="0" timestamp="2022-09-16T12:55:39 IST" time="0.008" errors="0">
  <testcase name="amazonCartOptionTest" time="0.0" classname="test.Test7"/>
  <testcase name="amazonContactUsPage" time="0.0" classname="test.Test7"/>
  <testcase name="amazonSearchBarTest" time="0.001" classname="test.Test7"/>
</testsuite> <!-- Amazon Functionality -->
