<?xml version="1.0" encoding="UTF-8"?>
<!-- Generated by org.testng.reporters.JUnitXMLReporter -->
<testsuite hostname="Home_Laptop" ignored="6" tests="0" failures="0" timestamp="2022-09-23T10:27:58 IST" time="0.001" errors="0">
  <testcase name="carLoanPageMobileLogout" time="0.0" classname="test.Test4">
    <ignored/>
  </testcase> <!-- carLoanPageMobileLogout -->
  <testcase name="carLoanPageWebSearchProducts" time="0.0" classname="test.Test4">
    <ignored/>
  </testcase> <!-- carLoanPageWebSearchProducts -->
  <testcase name="carLoanPageMobileSearchProducts" time="0.0" classname="test.Test4">
    <ignored/>
  </testcase> <!-- carLoanPageMobileSearchProducts -->
  <testcase name="carLoanPageWebLogin" time="0.0" classname="test.Test4">
    <ignored/>
  </testcase> <!-- carLoanPageWebLogin -->
  <testcase name="carLoanPageWebLogout" time="0.0" classname="test.Test4">
    <ignored/>
  </testcase> <!-- carLoanPageWebLogout -->
  <testcase name="carLoanPageMobileLogin" time="0.0" classname="test.Test4">
    <ignored/>
  </testcase> <!-- carLoanPageMobileLogin -->
</testsuite>
