<?xml version="1.0" encoding="UTF-8"?>
<!-- Generated by org.testng.reporters.JUnitXMLReporter -->
<testsuite hostname="Home_Laptop" ignored="0" name="Car Loan" tests="6" failures="0" timestamp="2022-09-16T12:55:39 IST" time="0.011" errors="0">
  <testcase name="carLoanPageMobileLogin" time="0.001" classname="test.Test4"/>
  <testcase name="carLoanPageMobileLogout" time="0.001" classname="test.Test4"/>
  <testcase name="carLoanPageMobileSearchProducts" time="0.001" classname="test.Test4"/>
  <testcase name="carLoanPageWebLogin" time="0.001" classname="test.Test4"/>
  <testcase name="carLoanPageWebLogout" time="0.001" classname="test.Test4"/>
  <testcase name="carLoanPageWebSearchProducts" time="0.0" classname="test.Test4"/>
</testsuite> <!-- Car Loan -->
