<?xml version="1.0" encoding="UTF-8"?>
<!-- Generated by org.testng.reporters.JUnitXMLReporter -->
<testsuite hostname="Home_Laptop" ignored="0" name="Home Loan" tests="3" failures="1" timestamp="26 Sep 2022 07:20:47 GMT" time="0.009" errors="0">
  <testcase name="homeLoanPageLogin" time="0.003" classname="test.Test3">
    <failure type="java.lang.AssertionError" message="expected [true] but found [false]">
      <![CDATA[java.lang.AssertionError: expected [true] but found [false]
at test.Test3.homeLoanPageLogin(Test3.java:17)
... Removed 29 stack frames]]>
    </failure>
  </testcase> <!-- homeLoanPageLogin -->
  <testcase name="homeLoanPageLogout" time="0.0" classname="test.Test3"/>
  <testcase name="homeLoanPageSearchProducts" time="0.001" classname="test.Test3"/>
</testsuite> <!-- Home Loan -->
