<?xml version="1.0" encoding="UTF-8"?>
<!-- Generated by org.testng.reporters.JUnitXMLReporter -->
<testsuite hostname="Home_Laptop" ignored="0" name="Home Loan" tests="3" failures="0" timestamp="2022-09-16T12:55:39 IST" time="0.006" errors="0">
  <testcase name="homeLoanPageLogin" time="0.001" classname="test.Test3"/>
  <testcase name="homeLoanPageLogout" time="0.001" classname="test.Test3"/>
  <testcase name="homeLoanPageSearchProducts" time="0.001" classname="test.Test3"/>
</testsuite> <!-- Home Loan -->
