<?xml version="1.0" encoding="UTF-8"?>
<!-- Generated by org.testng.reporters.JUnitXMLReporter -->
<testsuite hostname="Home_Laptop" ignored="0" name="Packages" tests="7" failures="0" timestamp="2022-09-15T13:25:01 IST" time="0.063" errors="0">
  <testcase name="carLoanPageMobileLogout" time="0.007" classname="testPackage2.Test5"/>
  <testcase name="carLoanPageMobileSearchProducts" time="0.0" classname="testPackage2.Test5"/>
  <testcase name="firstTestCase" time="0.002" classname="testPackage2.Test5"/>
  <testcase name="secondTestcase" time="0.001" classname="testPackage2.Test5"/>
  <testcase name="carLoanPageMobileLogout" time="0.001" classname="testPackage2.Test6"/>
  <testcase name="carLoanPageMobileSearchProducts" time="0.001" classname="testPackage2.Test6"/>
  <testcase name="thirdTestcase" time="0.0" classname="testPackage2.Test6"/>
</testsuite> <!-- Packages -->
