<?xml version="1.0" encoding="UTF-8"?>
<!-- Generated by org.testng.reporters.JUnitXMLReporter -->
<testsuite hostname="Home_Laptop" ignored="5" name="Personal Loan" tests="2" failures="0" timestamp="2022-09-15T13:18:20 IST" time="0.038" errors="0">
  <testcase name="firstTestCase" time="0.006" classname="test.Test1"/>
  <testcase name="thirdTestcase" time="0.001" classname="test.Test2"/>
  <testcase name="carLoanPageMobileSearchProducts" time="0.0" classname="test.Test2">
    <ignored/>
  </testcase> <!-- carLoanPageMobileSearchProducts -->
  <testcase name="carLoanPageMobileLogout" time="0.0" classname="test.Test1">
    <ignored/>
  </testcase> <!-- carLoanPageMobileLogout -->
  <testcase name="carLoanPageMobileLogout" time="0.0" classname="test.Test2">
    <ignored/>
  </testcase> <!-- carLoanPageMobileLogout -->
  <testcase name="carLoanPageMobileSearchProducts" time="0.0" classname="test.Test1">
    <ignored/>
  </testcase> <!-- carLoanPageMobileSearchProducts -->
  <testcase name="secondTestcase" time="0.0" classname="test.Test1">
    <ignored/>
  </testcase> <!-- secondTestcase -->
</testsuite> <!-- Personal Loan -->
