<?xml version="1.0" encoding="UTF-8"?>
<!-- Generated by org.testng.reporters.JUnitXMLReporter -->
<testsuite hostname="Home_Laptop" ignored="1" name="Personal Loan" tests="6" failures="0" timestamp="26 Sep 2022 07:20:47 GMT" time="0.031" errors="0">
  <testcase name="carLoanPageMobileLogin" time="0.003" classname="test.Parametrization"/>
  <testcase name="carLoanPageMobileLogout" time="0.001" classname="test.Parametrization"/>
  <testcase name="carLoanPageMobileSearchProducts" time="0.001" classname="test.Parametrization"/>
  <testcase name="carLoanPageWebLogin" time="0.001" classname="test.Parametrization"/>
  <testcase name="carLoanPageWebLogout" time="0.0" classname="test.Parametrization"/>
  <testcase name="carLoanPageWebSearchProducts" time="0.0" classname="test.Parametrization"/>
  <testcase name="thirdTestcase" time="0.0" classname="test.Test2">
    <ignored/>
  </testcase> <!-- thirdTestcase -->
</testsuite> <!-- Personal Loan -->
