<?xml version="1.0" encoding="UTF-8"?>
<!-- Generated by org.testng.reporters.JUnitXMLReporter -->
<testsuite hostname="Home_Laptop" ignored="0" name="Default test" tests="3" failures="0" timestamp="2022-09-15T12:58:10 IST" time="0.041" errors="0">
  <testcase name="homeLoanPageLogin" time="0.006" classname="test.Test3"/>
  <testcase name="homeLoanPageLogout" time="0.0" classname="test.Test3"/>
  <testcase name="homeLoanPageSearchProducts" time="0.0" classname="test.Test3"/>
</testsuite> <!-- Default test -->
