<?xml version="1.0" encoding="UTF-8"?>
<!-- Generated by org.testng.reporters.JUnitXMLReporter -->
<testsuite hostname="Home_Laptop" ignored="0" name="Default test" tests="3" failures="0" timestamp="2022-09-16T13:19:40 IST" time="0.043" errors="0">
  <testcase name="amazonCartOptionTest" time="0.004" classname="test.Test7"/>
  <testcase name="amazonContactUsPage" time="0.001" classname="test.Test7"/>
  <testcase name="amazonSearchBarTest" time="0.0" classname="test.Test7"/>
</testsuite> <!-- Default test -->
