<?xml version="1.0" encoding="UTF-8"?>
<!-- Generated by org.testng.reporters.JUnitXMLReporter -->
<testsuite hostname="Home_Laptop" ignored="8" name="Loan" tests="7" failures="0" timestamp="2022-09-16T13:21:26 IST" time="0.056" errors="0">
  <testcase name="firstTestCase" time="0.006" classname="test.Test1"/>
  <testcase name="thirdTestcase" time="0.001" classname="test.Test2"/>
  <testcase name="homeLoanPageLogout" time="0.0" classname="test.Test3"/>
  <testcase name="carLoanPageMobileSearchProducts" time="0.001" classname="test.Test4"/>
  <testcase name="carLoanPageWebLogout" time="0.0" classname="test.Test4"/>
  <testcase name="amazonCartOptionTest" time="0.001" classname="test.Test7"/>
  <testcase name="amazonSearchBarTest" time="0.0" classname="test.Test7"/>
  <testcase name="carLoanPageWebSearchProducts" time="0.0" classname="test.Test4">
    <ignored/>
  </testcase> <!-- carLoanPageWebSearchProducts -->
  <testcase name="carLoanPageMobileLogout" time="0.0" classname="test.Test4">
    <ignored/>
  </testcase> <!-- carLoanPageMobileLogout -->
  <testcase name="homeLoanPageSearchProducts" time="0.0" classname="test.Test3">
    <ignored/>
  </testcase> <!-- homeLoanPageSearchProducts -->
  <testcase name="carLoanPageWebLogin" time="0.0" classname="test.Test4">
    <ignored/>
  </testcase> <!-- carLoanPageWebLogin -->
  <testcase name="amazonContactUsPage" time="0.0" classname="test.Test7">
    <ignored/>
  </testcase> <!-- amazonContactUsPage -->
  <testcase name="homeLoanPageLogin" time="0.0" classname="test.Test3">
    <ignored/>
  </testcase> <!-- homeLoanPageLogin -->
  <testcase name="secondTestcase" time="0.0" classname="test.Test1">
    <ignored/>
  </testcase> <!-- secondTestcase -->
  <testcase name="carLoanPageMobileLogin" time="0.0" classname="test.Test4">
    <ignored/>
  </testcase> <!-- carLoanPageMobileLogin -->
</testsuite> <!-- Loan -->
