<?xml version="1.0" encoding="UTF-8"?>
<!-- Generated by org.testng.reporters.JUnitXMLReporter -->
<testsuite hostname="Home_Laptop" ignored="0" name="Test" tests="9" failures="0" timestamp="2022-09-16T12:14:38 IST" time="0.055" errors="0">
  <testcase name="firstTestCase" time="0.007" classname="test.Test1"/>
  <testcase name="secondTestcase" time="0.001" classname="test.Test1"/>
  <testcase name="thirdTestcase" time="0.001" classname="test.Test2"/>
  <testcase name="homeLoanPageLogin" time="0.0" classname="test.Test3"/>
  <testcase name="homeLoanPageLogout" time="0.001" classname="test.Test3"/>
  <testcase name="homeLoanPageSearchProducts" time="0.0" classname="test.Test3"/>
  <testcase name="carLoanPageMobileLogin" time="0.001" classname="test.Test4"/>
  <testcase name="carLoanPageMobileLogout" time="0.0" classname="test.Test4"/>
  <testcase name="carLoanPageMobileSearchProducts" time="0.001" classname="test.Test4"/>
</testsuite> <!-- Test -->
