<?xml version="1.0" encoding="UTF-8"?>
<testng-results skipped="0" failed="1" ignored="1" total="10" passed="8">
  <reporter-output>
  </reporter-output>
  <suite name="Loan" duration-ms="71" started-at="2022-09-26T07:20:47Z" finished-at="2022-09-26T07:20:47Z">
    <groups>
      <group name="smoke">
        <method signature="Test3.homeLoanPageLogout()[pri:0, instance:test.Test3@9353778]" name="homeLoanPageLogout" class="test.Test3"/>
      </group> <!-- smoke -->
    </groups>
    <test name="Personal Loan" duration-ms="31" started-at="2022-09-26T07:20:47Z" finished-at="2022-09-26T07:20:47Z">
      <class name="test.Parametrization">
        <test-method status="PASS" signature="pickTheCarLoanUserCredentials(java.lang.String, java.lang.String)[pri:0, instance:test.Parametrization@5ae50ce6]" name="pickTheCarLoanUserCredentials" is-config="true" duration-ms="3" started-at="2022-09-26T07:20:47Z" finished-at="2022-09-26T07:20:47Z">
          <params>
            <param index="0">
              <value>
                <![CDATA[https://www.hdfcbank.com/]]>
              </value>
            </param>
            <param index="1">
              <value>
                <![CDATA[Manager]]>
              </value>
            </param>
          </params>
          <reporter-output>
          </reporter-output>
        </test-method> <!-- pickTheCarLoanUserCredentials -->
        <test-method status="PASS" signature="carLoanPageMobileLogin()[pri:0, instance:test.Parametrization@5ae50ce6]" name="carLoanPageMobileLogin" duration-ms="3" started-at="2022-09-26T07:20:47Z" finished-at="2022-09-26T07:20:47Z">
          <reporter-output>
          </reporter-output>
        </test-method> <!-- carLoanPageMobileLogin -->
        <test-method status="PASS" signature="carLoanPageMobileLogout()[pri:0, instance:test.Parametrization@5ae50ce6]" name="carLoanPageMobileLogout" duration-ms="1" started-at="2022-09-26T07:20:47Z" finished-at="2022-09-26T07:20:47Z">
          <reporter-output>
          </reporter-output>
        </test-method> <!-- carLoanPageMobileLogout -->
        <test-method status="PASS" signature="carLoanPageMobileSearchProducts()[pri:0, instance:test.Parametrization@5ae50ce6]" name="carLoanPageMobileSearchProducts" duration-ms="1" started-at="2022-09-26T07:20:47Z" finished-at="2022-09-26T07:20:47Z">
          <reporter-output>
          </reporter-output>
        </test-method> <!-- carLoanPageMobileSearchProducts -->
        <test-method status="PASS" signature="carLoanPageWebLogin()[pri:0, instance:test.Parametrization@5ae50ce6]" name="carLoanPageWebLogin" duration-ms="1" started-at="2022-09-26T07:20:47Z" finished-at="2022-09-26T07:20:47Z">
          <reporter-output>
          </reporter-output>
        </test-method> <!-- carLoanPageWebLogin -->
        <test-method status="PASS" signature="carLoanPageWebLogout()[pri:0, instance:test.Parametrization@5ae50ce6]" name="carLoanPageWebLogout" duration-ms="0" started-at="2022-09-26T07:20:47Z" finished-at="2022-09-26T07:20:47Z">
          <reporter-output>
          </reporter-output>
        </test-method> <!-- carLoanPageWebLogout -->
        <test-method status="PASS" signature="carLoanPageWebSearchProducts()[pri:0, instance:test.Parametrization@5ae50ce6]" name="carLoanPageWebSearchProducts" duration-ms="0" started-at="2022-09-26T07:20:47Z" finished-at="2022-09-26T07:20:47Z">
          <reporter-output>
          </reporter-output>
        </test-method> <!-- carLoanPageWebSearchProducts -->
        <test-method status="PASS" signature="removeCarLoanCredentials(java.lang.String)[pri:0, instance:test.Parametrization@5ae50ce6]" name="removeCarLoanCredentials" is-config="true" duration-ms="1" started-at="2022-09-26T07:20:47Z" finished-at="2022-09-26T07:20:47Z">
          <params>
            <param index="0">
              <value>
                <![CDATA[https://www.hdfcbank.com/]]>
              </value>
            </param>
          </params>
          <reporter-output>
          </reporter-output>
        </test-method> <!-- removeCarLoanCredentials -->
      </class> <!-- test.Parametrization -->
    </test> <!-- Personal Loan -->
    <test name="Home Loan" duration-ms="9" started-at="2022-09-26T07:20:47Z" finished-at="2022-09-26T07:20:47Z">
      <class name="test.Test3">
        <test-method status="PASS" signature="setDownloadDirectoryPath()[pri:0, instance:test.Test3@9353778]" name="setDownloadDirectoryPath" is-config="true" duration-ms="8" started-at="2022-09-26T07:20:47Z" finished-at="2022-09-26T07:20:47Z">
          <reporter-output>
          </reporter-output>
        </test-method> <!-- setDownloadDirectoryPath -->
        <test-method status="FAIL" signature="homeLoanPageLogin()[pri:0, instance:test.Test3@9353778]" name="homeLoanPageLogin" duration-ms="3" started-at="2022-09-26T07:20:47Z" finished-at="2022-09-26T07:20:47Z">
          <exception class="java.lang.AssertionError">
            <message>
              <![CDATA[expected [true] but found [false]]]>
            </message>
            <full-stacktrace>
              <![CDATA[java.lang.AssertionError: expected [true] but found [false]
at org.testng.Assert.fail(Assert.java:96)
at org.testng.Assert.failNotEquals(Assert.java:776)
at org.testng.Assert.assertTrue(Assert.java:44)
at org.testng.Assert.assertTrue(Assert.java:54)
at test.Test3.homeLoanPageLogin(Test3.java:17)
at sun.reflect.NativeMethodAccessorImpl.invoke0(Native Method)
at sun.reflect.NativeMethodAccessorImpl.invoke(NativeMethodAccessorImpl.java:62)
at sun.reflect.DelegatingMethodAccessorImpl.invoke(DelegatingMethodAccessorImpl.java:43)
at java.lang.reflect.Method.invoke(Method.java:498)
at org.testng.internal.MethodInvocationHelper.invokeMethod(MethodInvocationHelper.java:124)
at org.testng.internal.Invoker.invokeMethod(Invoker.java:583)
at org.testng.internal.Invoker.invokeTestMethod(Invoker.java:719)
at org.testng.internal.Invoker.invokeTestMethods(Invoker.java:989)
at org.testng.internal.TestMethodWorker.invokeTestMethods(TestMethodWorker.java:125)
at org.testng.internal.TestMethodWorker.run(TestMethodWorker.java:109)
at org.testng.TestRunner.privateRun(TestRunner.java:648)
at org.testng.TestRunner.run(TestRunner.java:505)
at org.testng.SuiteRunner.runTest(SuiteRunner.java:455)
at org.testng.SuiteRunner.runSequentially(SuiteRunner.java:450)
at org.testng.SuiteRunner.privateRun(SuiteRunner.java:415)
at org.testng.SuiteRunner.run(SuiteRunner.java:364)
at org.testng.SuiteRunnerWorker.runSuite(SuiteRunnerWorker.java:52)
at org.testng.SuiteRunnerWorker.run(SuiteRunnerWorker.java:84)
at org.testng.TestNG.runSuitesSequentially(TestNG.java:1208)
at org.testng.TestNG.runSuitesLocally(TestNG.java:1137)
at org.testng.TestNG.runSuites(TestNG.java:1049)
at org.testng.TestNG.run(TestNG.java:1017)
at org.testng.remote.AbstractRemoteTestNG.run(AbstractRemoteTestNG.java:115)
at org.testng.remote.RemoteTestNG.initAndRun(RemoteTestNG.java:251)
at org.testng.remote.RemoteTestNG.main(RemoteTestNG.java:77)
]]>
            </full-stacktrace>
          </exception> <!-- java.lang.AssertionError -->
          <reporter-output>
          </reporter-output>
        </test-method> <!-- homeLoanPageLogin -->
        <test-method status="PASS" signature="homeLoanPageLogout()[pri:0, instance:test.Test3@9353778]" name="homeLoanPageLogout" duration-ms="0" started-at="2022-09-26T07:20:47Z" finished-at="2022-09-26T07:20:47Z">
          <reporter-output>
          </reporter-output>
        </test-method> <!-- homeLoanPageLogout -->
        <test-method status="PASS" signature="homeLoanPageSearchProducts(java.lang.String)[pri:0, instance:test.Test3@9353778]" name="homeLoanPageSearchProducts" duration-ms="1" started-at="2022-09-26T07:20:47Z" finished-at="2022-09-26T07:20:47Z">
          <params>
            <param index="0">
              <value>
                <![CDATA[https://www.hdfcbank.com/]]>
              </value>
            </param>
          </params>
          <reporter-output>
          </reporter-output>
        </test-method> <!-- homeLoanPageSearchProducts -->
      </class> <!-- test.Test3 -->
      <class name="test.Test2">
        <test-method status="PASS" signature="deleteFilesFromDownloadDirectory()[pri:0, instance:test.Test2@3ba9ad43]" name="deleteFilesFromDownloadDirectory" is-config="true" duration-ms="0" started-at="2022-09-26T07:20:47Z" finished-at="2022-09-26T07:20:47Z">
          <reporter-output>
          </reporter-output>
        </test-method> <!-- deleteFilesFromDownloadDirectory -->
      </class> <!-- test.Test2 -->
    </test> <!-- Home Loan -->
  </suite> <!-- Loan -->
</testng-results>
